<?xml version="1.0" encoding="UTF-8"?>
<testsuite name="cl.mobdev.dogceo.application.data.info.datasource.BreedInfoApiDataSourceTest" tests="1" skipped="0" failures="0" errors="0" timestamp="2021-04-08T20:57:09" hostname="fruzmobdevcl" time="0.52">
  <properties/>
  <testcase name="shouldReturnBreedInfoEntity_whenRequestIsExecuted()" classname="cl.mobdev.dogceo.application.data.info.datasource.BreedInfoApiDataSourceTest" time="0.52"/>
  <system-out><![CDATA[]]></system-out>
  <system-err><![CDATA[]]></system-err>
</testsuite>
