<?xml version="1.0" encoding="UTF-8"?>
<testsuite name="cl.mobdev.dogceo.DogCeoApplicationTests" tests="1" skipped="0" failures="0" errors="0" timestamp="2021-04-08T20:57:09" hostname="fruzmobdevcl" time="0.251">
  <properties/>
  <testcase name="contextLoads()" classname="cl.mobdev.dogceo.DogCeoApplicationTests" time="0.251"/>
  <system-out><![CDATA[16:57:05.302 [Test worker] DEBUG org.springframework.test.context.BootstrapUtils - Instantiating CacheAwareContextLoaderDelegate from class [org.springframework.test.context.cache.DefaultCacheAwareContextLoaderDelegate]
16:57:05.336 [Test worker] DEBUG org.springframework.test.context.BootstrapUtils - Instantiating BootstrapContext using constructor [public org.springframework.test.context.support.DefaultBootstrapContext(java.lang.Class,org.springframework.test.context.CacheAwareContextLoaderDelegate)]
16:57:05.415 [Test worker] DEBUG org.springframework.test.context.BootstrapUtils - Instantiating TestContextBootstrapper for test class [cl.mobdev.dogceo.DogCeoApplicationTests] from class [org.springframework.boot.test.context.SpringBootTestContextBootstrapper]
16:57:05.441 [Test worker] INFO org.springframework.boot.test.context.SpringBootTestContextBootstrapper - Neither @ContextConfiguration nor @ContextHierarchy found for test class [cl.mobdev.dogceo.DogCeoApplicationTests], using SpringBootContextLoader
16:57:05.449 [Test worker] DEBUG org.springframework.test.context.support.AbstractContextLoader - Did not detect default resource location for test class [cl.mobdev.dogceo.DogCeoApplicationTests]: class path resource [cl/mobdev/dogceo/DogCeoApplicationTests-context.xml] does not exist
16:57:05.450 [Test worker] DEBUG org.springframework.test.context.support.AbstractContextLoader - Did not detect default resource location for test class [cl.mobdev.dogceo.DogCeoApplicationTests]: class path resource [cl/mobdev/dogceo/DogCeoApplicationTestsContext.groovy] does not exist
16:57:05.451 [Test worker] INFO org.springframework.test.context.support.AbstractContextLoader - Could not detect default resource locations for test class [cl.mobdev.dogceo.DogCeoApplicationTests]: no resource found for suffixes {-context.xml, Context.groovy}.
16:57:05.452 [Test worker] INFO org.springframework.test.context.support.AnnotationConfigContextLoaderUtils - Could not detect default configuration classes for test class [cl.mobdev.dogceo.DogCeoApplicationTests]: DogCeoApplicationTests does not declare any static, non-private, non-final, nested classes annotated with @Configuration.
16:57:05.526 [Test worker] DEBUG org.springframework.test.context.support.ActiveProfilesUtils - Could not find an 'annotation declaring class' for annotation type [org.springframework.test.context.ActiveProfiles] and class [cl.mobdev.dogceo.DogCeoApplicationTests]
16:57:05.662 [Test worker] DEBUG org.springframework.context.annotation.ClassPathScanningCandidateComponentProvider - Identified candidate component class: file [/Users/feliperuz/Development/MobDev/Backend/onboarding-backend/Taller-Dog-CEO/dog-ceo/build/classes/java/main/cl/mobdev/dogceo/DogCeoApplication.class]
16:57:05.663 [Test worker] INFO org.springframework.boot.test.context.SpringBootTestContextBootstrapper - Found @SpringBootConfiguration cl.mobdev.dogceo.DogCeoApplication for test class cl.mobdev.dogceo.DogCeoApplicationTests
16:57:05.864 [Test worker] DEBUG org.springframework.boot.test.context.SpringBootTestContextBootstrapper - @TestExecutionListeners is not present for class [cl.mobdev.dogceo.DogCeoApplicationTests]: using defaults.
16:57:05.864 [Test worker] INFO org.springframework.boot.test.context.SpringBootTestContextBootstrapper - Loaded default TestExecutionListener class names from location [META-INF/spring.factories]: [org.springframework.boot.test.autoconfigure.restdocs.RestDocsTestExecutionListener, org.springframework.boot.test.autoconfigure.web.client.MockRestServiceServerResetTestExecutionListener, org.springframework.boot.test.autoconfigure.web.servlet.MockMvcPrintOnlyOnFailureTestExecutionListener, org.springframework.boot.test.autoconfigure.web.servlet.WebDriverTestExecutionListener, org.springframework.boot.test.autoconfigure.webservices.client.MockWebServiceServerTestExecutionListener, org.springframework.boot.test.mock.mockito.MockitoTestExecutionListener, org.springframework.boot.test.mock.mockito.ResetMocksTestExecutionListener, org.springframework.test.context.web.ServletTestExecutionListener, org.springframework.test.context.support.DirtiesContextBeforeModesTestExecutionListener, org.springframework.test.context.event.ApplicationEventsTestExecutionListener, org.springframework.test.context.support.DependencyInjectionTestExecutionListener, org.springframework.test.context.support.DirtiesContextTestExecutionListener, org.springframework.test.context.transaction.TransactionalTestExecutionListener, org.springframework.test.context.jdbc.SqlScriptsTestExecutionListener, org.springframework.test.context.event.EventPublishingTestExecutionListener]
16:57:05.890 [Test worker] DEBUG org.springframework.boot.test.context.SpringBootTestContextBootstrapper - Skipping candidate TestExecutionListener [org.springframework.test.context.transaction.TransactionalTestExecutionListener] due to a missing dependency. Specify custom listener classes or make the default listener classes and their required dependencies available. Offending class: [org/springframework/transaction/TransactionDefinition]
16:57:05.891 [Test worker] DEBUG org.springframework.boot.test.context.SpringBootTestContextBootstrapper - Skipping candidate TestExecutionListener [org.springframework.test.context.jdbc.SqlScriptsTestExecutionListener] due to a missing dependency. Specify custom listener classes or make the default listener classes and their required dependencies available. Offending class: [org/springframework/transaction/interceptor/TransactionAttribute]
16:57:05.892 [Test worker] INFO org.springframework.boot.test.context.SpringBootTestContextBootstrapper - Using TestExecutionListeners: [org.springframework.test.context.web.ServletTestExecutionListener@7702bb20, org.springframework.test.context.support.DirtiesContextBeforeModesTestExecutionListener@1204eb5, org.springframework.test.context.event.ApplicationEventsTestExecutionListener@4d74ca37, org.springframework.boot.test.mock.mockito.MockitoTestExecutionListener@21c4988e, org.springframework.boot.test.autoconfigure.SpringBootDependencyInjectionTestExecutionListener@43fdfc2d, org.springframework.test.context.support.DirtiesContextTestExecutionListener@40ab5701, org.springframework.test.context.event.EventPublishingTestExecutionListener@2be51851, org.springframework.boot.test.autoconfigure.restdocs.RestDocsTestExecutionListener@2ee0e54b, org.springframework.boot.test.autoconfigure.web.client.MockRestServiceServerResetTestExecutionListener@2d0782e, org.springframework.boot.test.autoconfigure.web.servlet.MockMvcPrintOnlyOnFailureTestExecutionListener@1859242a, org.springframework.boot.test.autoconfigure.web.servlet.WebDriverTestExecutionListener@1bfd90e0, org.springframework.boot.test.autoconfigure.webservices.client.MockWebServiceServerTestExecutionListener@329ef469, org.springframework.boot.test.mock.mockito.ResetMocksTestExecutionListener@338eeb1c]
16:57:05.898 [Test worker] DEBUG org.springframework.test.context.support.AbstractDirtiesContextTestExecutionListener - Before test class: context [DefaultTestContext@12f3d0b3 testClass = DogCeoApplicationTests, testInstance = [null], testMethod = [null], testException = [null], mergedContextConfiguration = [WebMergedContextConfiguration@3dbdbe3a testClass = DogCeoApplicationTests, locations = '{}', classes = '{class cl.mobdev.dogceo.DogCeoApplication}', contextInitializerClasses = '[]', activeProfiles = '{}', propertySourceLocations = '{}', propertySourceProperties = '{org.springframework.boot.test.context.SpringBootTestContextBootstrapper=true}', contextCustomizers = set[org.springframework.boot.test.autoconfigure.actuate.metrics.MetricsExportContextCustomizerFactory$DisableMetricExportContextCustomizer@69801e27, org.springframework.boot.test.autoconfigure.properties.PropertyMappingContextCustomizer@0, org.springframework.boot.test.autoconfigure.web.servlet.WebDriverContextCustomizerFactory$Customizer@233ca78e, org.springframework.boot.test.context.filter.ExcludeFilterContextCustomizer@4c0b46ee, org.springframework.boot.test.json.DuplicateJsonObjectContextCustomizerFactory$DuplicateJsonObjectContextCustomizer@4f5e2abc, org.springframework.boot.test.mock.mockito.MockitoContextCustomizer@0, org.springframework.boot.test.web.client.TestRestTemplateContextCustomizer@6f58957a, org.springframework.boot.test.context.SpringBootTestArgs@1, org.springframework.boot.test.context.SpringBootTestWebEnvironment@3fb19750], resourceBasePath = 'src/main/webapp', contextLoader = 'org.springframework.boot.test.context.SpringBootContextLoader', parent = [null]], attributes = map['org.springframework.test.context.web.ServletTestExecutionListener.activateListener' -> true]], class annotated with @DirtiesContext [false] with mode [null].
16:57:05.955 [Test worker] DEBUG org.springframework.test.context.support.TestPropertySourceUtils - Adding inlined properties to environment: {spring.jmx.enabled=false, org.springframework.boot.test.context.SpringBootTestContextBootstrapper=true}

  .   ____          _            __ _ _
 /\\ / ___'_ __ _ _(_)_ __  __ _ \ \ \ \
( ( )\___ | '_ | '_| | '_ \/ _` | \ \ \ \
 \\/  ___)| |_)| | | | | || (_| |  ) ) ) )
  '  |____| .__|_| |_|_| |_\__, | / / / /
 =========|_|==============|___/=/_/_/_/
 :: Spring Boot ::                (v2.4.4)

2021-04-08 16:57:06.734  INFO 16984 --- [    Test worker] cl.mobdev.dogceo.DogCeoApplicationTests  : Starting DogCeoApplicationTests using Java 1.8.0_231 on fruzmobdevcl.local with PID 16984 (started by feliperuz in /Users/feliperuz/Development/MobDev/Backend/onboarding-backend/Taller-Dog-CEO/dog-ceo)
2021-04-08 16:57:06.742  INFO 16984 --- [    Test worker] cl.mobdev.dogceo.DogCeoApplicationTests  : No active profile set, falling back to default profiles: default
2021-04-08 16:57:08.702  INFO 16984 --- [    Test worker] o.s.s.concurrent.ThreadPoolTaskExecutor  : Initializing ExecutorService 'applicationTaskExecutor'
2021-04-08 16:57:09.235  INFO 16984 --- [    Test worker] cl.mobdev.dogceo.DogCeoApplicationTests  : Started DogCeoApplicationTests in 3.266 seconds (JVM running for 5.295)
]]></system-out>
  <system-err><![CDATA[]]></system-err>
</testsuite>
