<?xml version="1.0" encoding="UTF-8"?>
<testsuite name="cl.mobdev.dogceo.application.presentation.BreedDetailControllerTest" tests="1" skipped="0" failures="0" errors="0" timestamp="2021-04-08T20:57:10" hostname="fruzmobdevcl" time="0.024">
  <properties/>
  <testcase name="shouldReturnValidBreedInfo_whenIsCalled()" classname="cl.mobdev.dogceo.application.presentation.BreedDetailControllerTest" time="0.024"/>
  <system-out><![CDATA[]]></system-out>
  <system-err><![CDATA[]]></system-err>
</testsuite>
